<?xml version="1.0" encoding="UTF-8"?>
<!-- Generated by org.testng.reporters.JUnitReportReporter -->
<testsuite hostname="LTIN388467" failures="0" tests="1" name="baseClass.BaseClass" time="36.591" errors="0" timestamp="2023-12-05T10:47:30 IST" skipped="0">
  <testcase classname="baseClass.BaseClass" name="configurations" time="36.591"/>
</testsuite> <!-- baseClass.BaseClass -->
