<?xml version="1.0" encoding="UTF-8"?>
<!-- Generated by org.testng.reporters.JUnitReportReporter -->
<testsuite hostname="LTIN388467" failures="0" tests="4" name="pages.homeLoginPage" time="9.206" errors="0" timestamp="2023-12-05T15:27:02 IST" skipped="0">
  <testcase classname="pages.homeLoginPage" name="verifyhomePageTitle" time="0.024"/>
  <testcase classname="pages.homeLoginPage" name="verifyLoginButton" time="0.238"/>
  <testcase classname="pages.homeLoginPage" name="verifyMobileFieldBox" time="0.060"/>
  <testcase classname="pages.homeLoginPage" name="correctMobileNo" time="8.884"/>
</testsuite> <!-- pages.homeLoginPage -->
